Analysis & Synthesis report for shoot2
Mon Nov 12 23:04:34 2018
Quartus II Version 9.1 Build 222 10/21/2009 SJ Full Version


---------------------
; Table of Contents ;
---------------------
  1. Legal Notice
  2. Analysis & Synthesis Summary
  3. Analysis & Synthesis Settings
  4. Parallel Compilation
  5. Analysis & Synthesis Source Files Read
  6. Analysis & Synthesis Resource Usage Summary
  7. Analysis & Synthesis Resource Utilization by Entity
  8. User-Specified and Inferred Latches
  9. Registers Removed During Synthesis
 10. General Register Statistics
 11. Inverted Register Statistics
 12. Multiplexer Restructuring Statistics (Restructuring Performed)
 13. Port Connectivity Checks: "antishake:u6"
 14. Port Connectivity Checks: "mxdisplay:u2"
 15. Analysis & Synthesis Messages



----------------
; Legal Notice ;
----------------
Copyright (C) 1991-2009 Altera Corporation
Your use of Altera Corporation's design tools, logic functions 
and other software and tools, and its AMPP partner logic 
functions, and any output files from any of the foregoing 
(including device programming or simulation files), and any 
associated documentation or information are expressly subject 
to the terms and conditions of the Altera Program License 
Subscription Agreement, Altera MegaCore Function License 
Agreement, or other applicable license agreement, including, 
without limitation, that your use is for the sole purpose of 
programming logic devices manufactured by Altera and sold by 
Altera or its authorized distributors.  Please refer to the 
applicable agreement for further details.



+------------------------------------------------------------------------+
; Analysis & Synthesis Summary                                           ;
+-----------------------------+------------------------------------------+
; Analysis & Synthesis Status ; Successful - Mon Nov 12 23:04:34 2018    ;
; Quartus II Version          ; 9.1 Build 222 10/21/2009 SJ Full Version ;
; Revision Name               ; shoot2                                   ;
; Top-level Entity Name       ; shoot2                                   ;
; Family                      ; MAX II                                   ;
; Total logic elements        ; 776                                      ;
; Total pins                  ; 51                                       ;
; Total virtual pins          ; 0                                        ;
; UFM blocks                  ; 0 / 1 ( 0 % )                            ;
+-----------------------------+------------------------------------------+


+----------------------------------------------------------------------------------------------------------------------+
; Analysis & Synthesis Settings                                                                                        ;
+----------------------------------------------------------------------------+--------------------+--------------------+
; Option                                                                     ; Setting            ; Default Value      ;
+----------------------------------------------------------------------------+--------------------+--------------------+
; Device                                                                     ; EPM1270T144C5      ;                    ;
; Top-level entity name                                                      ; shoot2             ; shoot2             ;
; Family name                                                                ; MAX II             ; Stratix II         ;
; Use Generated Physical Constraints File                                    ; Off                ;                    ;
; Use smart compilation                                                      ; Off                ; Off                ;
; Enable parallel Assembler and TimeQuest Timing Analyzer during compilation ; On                 ; On                 ;
; Enable compact report table                                                ; Off                ; Off                ;
; Restructure Multiplexers                                                   ; Auto               ; Auto               ;
; Create Debugging Nodes for IP Cores                                        ; Off                ; Off                ;
; Preserve fewer node names                                                  ; On                 ; On                 ;
; Disable OpenCore Plus hardware evaluation                                  ; Off                ; Off                ;
; Verilog Version                                                            ; Verilog_2001       ; Verilog_2001       ;
; VHDL Version                                                               ; VHDL_1993          ; VHDL_1993          ;
; State Machine Processing                                                   ; Auto               ; Auto               ;
; Safe State Machine                                                         ; Off                ; Off                ;
; Extract Verilog State Machines                                             ; On                 ; On                 ;
; Extract VHDL State Machines                                                ; On                 ; On                 ;
; Ignore Verilog initial constructs                                          ; Off                ; Off                ;
; Iteration limit for constant Verilog loops                                 ; 5000               ; 5000               ;
; Iteration limit for non-constant Verilog loops                             ; 250                ; 250                ;
; Add Pass-Through Logic to Inferred RAMs                                    ; On                 ; On                 ;
; Parallel Synthesis                                                         ; On                 ; On                 ;
; NOT Gate Push-Back                                                         ; On                 ; On                 ;
; Power-Up Don't Care                                                        ; On                 ; On                 ;
; Remove Redundant Logic Cells                                               ; Off                ; Off                ;
; Remove Duplicate Registers                                                 ; On                 ; On                 ;
; Ignore CARRY Buffers                                                       ; Off                ; Off                ;
; Ignore CASCADE Buffers                                                     ; Off                ; Off                ;
; Ignore GLOBAL Buffers                                                      ; Off                ; Off                ;
; Ignore ROW GLOBAL Buffers                                                  ; Off                ; Off                ;
; Ignore LCELL Buffers                                                       ; Off                ; Off                ;
; Ignore SOFT Buffers                                                        ; On                 ; On                 ;
; Limit AHDL Integers to 32 Bits                                             ; Off                ; Off                ;
; Optimization Technique                                                     ; Balanced           ; Balanced           ;
; Carry Chain Length                                                         ; 70                 ; 70                 ;
; Auto Carry Chains                                                          ; On                 ; On                 ;
; Auto Open-Drain Pins                                                       ; On                 ; On                 ;
; Perform WYSIWYG Primitive Resynthesis                                      ; Off                ; Off                ;
; Auto Shift Register Replacement                                            ; Auto               ; Auto               ;
; Auto Clock Enable Replacement                                              ; On                 ; On                 ;
; Allow Synchronous Control Signals                                          ; On                 ; On                 ;
; Force Use of Synchronous Clear Signals                                     ; Off                ; Off                ;
; Auto Resource Sharing                                                      ; Off                ; Off                ;
; Use LogicLock Constraints during Resource Balancing                        ; On                 ; On                 ;
; Ignore translate_off and synthesis_off directives                          ; Off                ; Off                ;
; Show Parameter Settings Tables in Synthesis Report                         ; On                 ; On                 ;
; Ignore Maximum Fan-Out Assignments                                         ; Off                ; Off                ;
; Synchronization Register Chain Length                                      ; 2                  ; 2                  ;
; PowerPlay Power Optimization                                               ; Normal compilation ; Normal compilation ;
; HDL message level                                                          ; Level2             ; Level2             ;
; Suppress Register Optimization Related Messages                            ; Off                ; Off                ;
; Number of Removed Registers Reported in Synthesis Report                   ; 100                ; 100                ;
; Number of Inverted Registers Reported in Synthesis Report                  ; 100                ; 100                ;
; Clock MUX Protection                                                       ; On                 ; On                 ;
; Block Design Naming                                                        ; Auto               ; Auto               ;
; Synthesis Effort                                                           ; Auto               ; Auto               ;
; Shift Register Replacement - Allow Asynchronous Clear Signal               ; On                 ; On                 ;
; Analysis & Synthesis Message Level                                         ; Medium             ; Medium             ;
; Disable Register Merging Across Hierarchies                                ; Auto               ; Auto               ;
+----------------------------------------------------------------------------+--------------------+--------------------+


+------------------------------------------+
; Parallel Compilation                     ;
+----------------------------+-------------+
; Processors                 ; Number      ;
+----------------------------+-------------+
; Number detected on machine ; 2           ;
; Maximum allowed            ; 2           ;
;                            ;             ;
; Average used               ; 1.00        ;
; Maximum used               ; 1           ;
;                            ;             ;
; Usage by Processor         ; % Time Used ;
;     1 processor            ; 100.0%      ;
;     2 processors           ;   0.0%      ;
+----------------------------+-------------+


+------------------------------------------------------------------------------------------------------------------------------------------------------+
; Analysis & Synthesis Source Files Read                                                                                                               ;
+-----------------------------------------+-----------------+-----------------+------------------------------------------------------------------------+
; File Name with User-Entered Path        ; Used in Netlist ; File Type       ; File Name with Absolute Path                                           ;
+-----------------------------------------+-----------------+-----------------+------------------------------------------------------------------------+
; music/musicplayer.vhd                   ; yes             ; User VHDL File  ; C:/Users/1/Desktop/shoot. v9.0/music/musicplayer.vhd                   ;
; antishake/antishake.vhd                 ; yes             ; User VHDL File  ; C:/Users/1/Desktop/shoot. v9.0/antishake/antishake.vhd                 ;
; gamecontrol/gamecontrol.vhd             ; yes             ; User VHDL File  ; C:/Users/1/Desktop/shoot. v9.0/gamecontrol/gamecontrol.vhd             ;
; statecontrol/statecontrol.vhd           ; yes             ; User VHDL File  ; C:/Users/1/Desktop/shoot. v9.0/statecontrol/statecontrol.vhd           ;
; numdisplay/numdisplay.vhd               ; yes             ; User VHDL File  ; C:/Users/1/Desktop/shoot. v9.0/numdisplay/numdisplay.vhd               ;
; mxdisplay/mxdisplay.vhd                 ; yes             ; User VHDL File  ; C:/Users/1/Desktop/shoot. v9.0/mxdisplay/mxdisplay.vhd                 ;
; frequency_divider/frequency_divider.vhd ; yes             ; User VHDL File  ; C:/Users/1/Desktop/shoot. v9.0/frequency_divider/frequency_divider.vhd ;
; shoot2.vhd                              ; yes             ; User VHDL File  ; C:/Users/1/Desktop/shoot. v9.0/shoot2.vhd                              ;
+-----------------------------------------+-----------------+-----------------+------------------------------------------------------------------------+


+------------------------------------------------------------------------------+
; Analysis & Synthesis Resource Usage Summary                                  ;
+---------------------------------------------+--------------------------------+
; Resource                                    ; Usage                          ;
+---------------------------------------------+--------------------------------+
; Total logic elements                        ; 776                            ;
;     -- Combinational with no register       ; 467                            ;
;     -- Register only                        ; 81                             ;
;     -- Combinational with a register        ; 228                            ;
;                                             ;                                ;
; Logic element usage by number of LUT inputs ;                                ;
;     -- 4 input functions                    ; 274                            ;
;     -- 3 input functions                    ; 177                            ;
;     -- 2 input functions                    ; 215                            ;
;     -- 1 input functions                    ; 26                             ;
;     -- 0 input functions                    ; 3                              ;
;                                             ;                                ;
; Logic elements by mode                      ;                                ;
;     -- normal mode                          ; 639                            ;
;     -- arithmetic mode                      ; 137                            ;
;     -- qfbk mode                            ; 0                              ;
;     -- register cascade mode                ; 0                              ;
;     -- synchronous clear/load mode          ; 7                              ;
;     -- asynchronous clear/load mode         ; 171                            ;
;                                             ;                                ;
; Total registers                             ; 309                            ;
; Total logic cells in carry chains           ; 154                            ;
; I/O pins                                    ; 51                             ;
; Maximum fan-out node                        ; gamecontrol:u5|\p5:rdmtmp[0]~0 ;
; Maximum fan-out                             ; 92                             ;
; Total fan-out                               ; 2769                           ;
; Average fan-out                             ; 3.35                           ;
+---------------------------------------------+--------------------------------+


+-------------------------------------------------------------------------------------------------------------------------------------------------------------------------------------------------------------------------------+
; Analysis & Synthesis Resource Utilization by Entity                                                                                                                                                                           ;
+----------------------------+-------------+--------------+------------+------+--------------+--------------+-------------------+------------------+-----------------+------------+------------------------------+--------------+
; Compilation Hierarchy Node ; Logic Cells ; LC Registers ; UFM Blocks ; Pins ; Virtual Pins ; LUT-Only LCs ; Register-Only LCs ; LUT/Register LCs ; Carry Chain LCs ; Packed LCs ; Full Hierarchy Name          ; Library Name ;
+----------------------------+-------------+--------------+------------+------+--------------+--------------+-------------------+------------------+-----------------+------------+------------------------------+--------------+
; |shoot2                    ; 776 (0)     ; 309          ; 0          ; 51   ; 0            ; 467 (0)      ; 81 (0)            ; 228 (0)          ; 154 (0)         ; 0 (0)      ; |shoot2                      ; work         ;
;    |antishake:u6|          ; 8 (8)       ; 6            ; 0          ; 0    ; 0            ; 2 (2)        ; 0 (0)             ; 6 (6)            ; 4 (4)           ; 0 (0)      ; |shoot2|antishake:u6         ; work         ;
;    |frequency_divider:u1|  ; 148 (148)   ; 63           ; 0          ; 0    ; 0            ; 85 (85)      ; 30 (30)           ; 33 (33)          ; 66 (66)         ; 0 (0)      ; |shoot2|frequency_divider:u1 ; work         ;
;    |gamecontrol:u5|        ; 134 (134)   ; 67           ; 0          ; 0    ; 0            ; 67 (67)      ; 18 (18)           ; 49 (49)          ; 7 (7)           ; 0 (0)      ; |shoot2|gamecontrol:u5       ; work         ;
;    |musicplayer:u7|        ; 214 (214)   ; 104          ; 0          ; 0    ; 0            ; 110 (110)    ; 24 (24)           ; 80 (80)          ; 72 (72)         ; 0 (0)      ; |shoot2|musicplayer:u7       ; work         ;
;    |mxdisplay:u2|          ; 181 (181)   ; 32           ; 0          ; 0    ; 0            ; 149 (149)    ; 2 (2)             ; 30 (30)          ; 0 (0)           ; 0 (0)      ; |shoot2|mxdisplay:u2         ; work         ;
;    |numdisplay:u3|         ; 56 (56)     ; 17           ; 0          ; 0    ; 0            ; 39 (39)      ; 1 (1)             ; 16 (16)          ; 0 (0)           ; 0 (0)      ; |shoot2|numdisplay:u3        ; work         ;
;    |statecontrol:u4|       ; 35 (35)     ; 20           ; 0          ; 0    ; 0            ; 15 (15)      ; 6 (6)             ; 14 (14)          ; 5 (5)           ; 0 (0)      ; |shoot2|statecontrol:u4      ; work         ;
+----------------------------+-------------+--------------+------------+------+--------------+--------------+-------------------+------------------+-----------------+------------+------------------------------+--------------+
Note: For table entries with two numbers listed, the numbers in parentheses indicate the number of resources of the given type used by the specific entity alone. The numbers listed outside of parentheses indicate the total resources of the given type used by the specific entity and all of its sub-entities in the hierarchy.


+---------------------------------------------------------------------------------------------------+
; User-Specified and Inferred Latches                                                               ;
+----------------------------------------------------+---------------------+------------------------+
; Latch Name                                         ; Latch Enable Signal ; Free of Timing Hazards ;
+----------------------------------------------------+---------------------+------------------------+
; statecontrol:u4|stay                               ; GND                 ; yes                    ;
; Number of user-specified and inferred latches = 1  ;                     ;                        ;
+----------------------------------------------------+---------------------+------------------------+
Note: All latches listed above may not be present at the end of synthesis due to various synthesis optimizations.


+--------------------------------------------------------------------------------------+
; Registers Removed During Synthesis                                                   ;
+----------------------------------------+---------------------------------------------+
; Register name                          ; Reason for Removal                          ;
+----------------------------------------+---------------------------------------------+
; gamecontrol:u5|fpc[1][0]               ; Merged with gamecontrol:u5|fpc[3][0]        ;
; gamecontrol:u5|fpc[0][2]               ; Merged with gamecontrol:u5|fpc[2][2]        ;
; gamecontrol:u5|fpc[0][1]               ; Merged with gamecontrol:u5|fpc[2][1]        ;
; gamecontrol:u5|fpc[0][0]               ; Merged with gamecontrol:u5|fpc[2][0]        ;
; statecontrol:u4|\p9:temp1              ; Merged with statecontrol:u4|\p9:cntcheck[0] ;
; statecontrol:u4|checkcatt[0]           ; Merged with statecontrol:u4|checkrowt[0]    ;
; statecontrol:u4|checkcatt[1]           ; Merged with statecontrol:u4|checkrowt[1]    ;
; statecontrol:u4|checkcatt[2]           ; Merged with statecontrol:u4|checkrowt[2]    ;
; musicplayer:u7|COUNTER3[0]             ; Merged with musicplayer:u7|CT_32[0]         ;
; frequency_divider:u1|tmp1[0]           ; Merged with frequency_divider:u1|tmp2[0]    ;
; frequency_divider:u1|tmp4[0]           ; Merged with frequency_divider:u1|tmp2[0]    ;
; frequency_divider:u1|tmp1[1]           ; Merged with frequency_divider:u1|tmp2[1]    ;
; frequency_divider:u1|tmp4[1]           ; Merged with frequency_divider:u1|tmp2[1]    ;
; frequency_divider:u1|tmp4[2]           ; Merged with frequency_divider:u1|tmp1[2]    ;
; frequency_divider:u1|tmp1[2]           ; Merged with frequency_divider:u1|tmp2[2]    ;
; frequency_divider:u1|tmp4[3]           ; Merged with frequency_divider:u1|tmp1[3]    ;
; frequency_divider:u1|tmp1[3]           ; Merged with frequency_divider:u1|tmp2[3]    ;
; frequency_divider:u1|tmp4[4]           ; Merged with frequency_divider:u1|tmp1[4]    ;
; Total Number of Removed Registers = 18 ;                                             ;
+----------------------------------------+---------------------------------------------+


+------------------------------------------------------+
; General Register Statistics                          ;
+----------------------------------------------+-------+
; Statistic                                    ; Value ;
+----------------------------------------------+-------+
; Total registers                              ; 309   ;
; Number of registers using Synchronous Clear  ; 0     ;
; Number of registers using Synchronous Load   ; 7     ;
; Number of registers using Asynchronous Clear ; 152   ;
; Number of registers using Asynchronous Load  ; 21    ;
; Number of registers using Clock Enable       ; 75    ;
; Number of registers using Preset             ; 0     ;
+----------------------------------------------+-------+


+---------------------------------------------------+
; Inverted Register Statistics                      ;
+-----------------------------------------+---------+
; Inverted Register                       ; Fan out ;
+-----------------------------------------+---------+
; numdisplay:u3|cat[0]                    ; 1       ;
; numdisplay:u3|cat[1]                    ; 1       ;
; numdisplay:u3|cat[2]                    ; 1       ;
; numdisplay:u3|cat[3]                    ; 1       ;
; numdisplay:u3|cat[4]                    ; 1       ;
; numdisplay:u3|cat[5]                    ; 1       ;
; numdisplay:u3|cat[6]                    ; 1       ;
; numdisplay:u3|cat[7]                    ; 1       ;
; mxdisplay:u2|row1[0]                    ; 1       ;
; mxdisplay:u2|row1[1]                    ; 1       ;
; mxdisplay:u2|row1[2]                    ; 1       ;
; mxdisplay:u2|row1[3]                    ; 1       ;
; mxdisplay:u2|row1[4]                    ; 1       ;
; mxdisplay:u2|row1[5]                    ; 1       ;
; mxdisplay:u2|row1[6]                    ; 1       ;
; mxdisplay:u2|row1[7]                    ; 1       ;
; statecontrol:u4|check                   ; 52      ;
; statecontrol:u4|breath                  ; 25      ;
; gamecontrol:u5|fpstate[1]               ; 10      ;
; Total number of inverted registers = 19 ;         ;
+-----------------------------------------+---------+


+-----------------------------------------------------------------------------------------------------------------------------------------------------+
; Multiplexer Restructuring Statistics (Restructuring Performed)                                                                                      ;
+--------------------+-----------+---------------+----------------------+------------------------+------------+---------------------------------------+
; Multiplexer Inputs ; Bus Width ; Baseline Area ; Area if Restructured ; Saving if Restructured ; Registered ; Example Multiplexer Output            ;
+--------------------+-----------+---------------+----------------------+------------------------+------------+---------------------------------------+
; 3:1                ; 2 bits    ; 4 LEs         ; 2 LEs                ; 2 LEs                  ; Yes        ; |shoot2|gamecontrol:u5|pass           ;
; 3:1                ; 2 bits    ; 4 LEs         ; 0 LEs                ; 4 LEs                  ; Yes        ; |shoot2|numdisplay:u3|\p1:state[0]    ;
; 5:1                ; 2 bits    ; 6 LEs         ; 4 LEs                ; 2 LEs                  ; Yes        ; |shoot2|gamecontrol:u5|shownumt[2][1] ;
; 4:1                ; 4 bits    ; 8 LEs         ; 0 LEs                ; 8 LEs                  ; Yes        ; |shoot2|gamecontrol:u5|shownumt[3][0] ;
; 4:1                ; 3 bits    ; 6 LEs         ; 3 LEs                ; 3 LEs                  ; Yes        ; |shoot2|mxdisplay:u2|point[1]         ;
; 11:1               ; 2 bits    ; 14 LEs        ; 8 LEs                ; 6 LEs                  ; Yes        ; |shoot2|numdisplay:u3|seven[5]        ;
; 5:1                ; 3 bits    ; 9 LEs         ; 3 LEs                ; 6 LEs                  ; Yes        ; |shoot2|gamecontrol:u5|tgtct[2][2]    ;
; 13:1               ; 4 bits    ; 32 LEs        ; 24 LEs               ; 8 LEs                  ; Yes        ; |shoot2|numdisplay:u3|seven[6]        ;
; 6:1                ; 4 bits    ; 16 LEs        ; 0 LEs                ; 16 LEs                 ; Yes        ; |shoot2|gamecontrol:u5|\p5:rdmtmp[1]  ;
; 16:1               ; 8 bits    ; 80 LEs        ; 32 LEs               ; 48 LEs                 ; Yes        ; |shoot2|mxdisplay:u2|col1[7]          ;
; 66:1               ; 2 bits    ; 88 LEs        ; 66 LEs               ; 22 LEs                 ; Yes        ; |shoot2|musicplayer:u7|NOTE[1]        ;
; 3:1                ; 4 bits    ; 8 LEs         ; 8 LEs                ; 0 LEs                  ; Yes        ; |shoot2|numdisplay:u3|cat[3]          ;
; 6:1                ; 2 bits    ; 8 LEs         ; 4 LEs                ; 4 LEs                  ; Yes        ; |shoot2|numdisplay:u3|cat[6]          ;
; 6:1                ; 11 bits   ; 44 LEs        ; 0 LEs                ; 44 LEs                 ; Yes        ; |shoot2|gamecontrol:u5|tgtct[0][2]    ;
; 7:1                ; 2 bits    ; 8 LEs         ; 4 LEs                ; 4 LEs                  ; Yes        ; |shoot2|numdisplay:u3|cat[1]          ;
; 6:1                ; 3 bits    ; 12 LEs        ; 0 LEs                ; 12 LEs                 ; Yes        ; |shoot2|gamecontrol:u5|tgtrt[2][0]    ;
; 15:1               ; 6 bits    ; 60 LEs        ; 24 LEs               ; 36 LEs                 ; Yes        ; |shoot2|mxdisplay:u2|row1[2]          ;
; 13:1               ; 2 bits    ; 16 LEs        ; 8 LEs                ; 8 LEs                  ; Yes        ; |shoot2|mxdisplay:u2|row1[0]          ;
; 4:1                ; 4 bits    ; 8 LEs         ; 8 LEs                ; 0 LEs                  ; No         ; |shoot2|numdisplay:u3|Mux4            ;
; 4:1                ; 2 bits    ; 4 LEs         ; 4 LEs                ; 0 LEs                  ; No         ; |shoot2|mxdisplay:u2|Mux3             ;
; 3:1                ; 6 bits    ; 12 LEs        ; 12 LEs               ; 0 LEs                  ; No         ; |shoot2|mxdisplay:u2|Mux11            ;
; 4:1                ; 2 bits    ; 4 LEs         ; 4 LEs                ; 0 LEs                  ; No         ; |shoot2|musicplayer:u7|musicstate     ;
; 10:1               ; 6 bits    ; 36 LEs        ; 18 LEs               ; 18 LEs                 ; No         ; |shoot2|mxdisplay:u2|col2             ;
; 17:1               ; 2 bits    ; 22 LEs        ; 18 LEs               ; 4 LEs                  ; No         ; |shoot2|mxdisplay:u2|col2             ;
+--------------------+-----------+---------------+----------------------+------------------------+------------+---------------------------------------+


+----------------------------------------------------------------------------------------------------------------------+
; Port Connectivity Checks: "antishake:u6"                                                                             ;
+------------+--------+----------+-------------------------------------------------------------------------------------+
; Port       ; Type   ; Severity ; Details                                                                             ;
+------------+--------+----------+-------------------------------------------------------------------------------------+
; speedup3   ; Output ; Info     ; Connected to dangling logic. Logic that only feeds a dangling port will be removed. ;
; speeddown3 ; Output ; Info     ; Connected to dangling logic. Logic that only feeds a dangling port will be removed. ;
; random3    ; Output ; Info     ; Connected to dangling logic. Logic that only feeds a dangling port will be removed. ;
; usual3     ; Output ; Info     ; Connected to dangling logic. Logic that only feeds a dangling port will be removed. ;
; fprtmove3  ; Output ; Info     ; Connected to dangling logic. Logic that only feeds a dangling port will be removed. ;
; fplftmove3 ; Output ; Info     ; Connected to dangling logic. Logic that only feeds a dangling port will be removed. ;
; fire3      ; Output ; Info     ; Connected to dangling logic. Logic that only feeds a dangling port will be removed. ;
+------------+--------+----------+-------------------------------------------------------------------------------------+


+------------------------------------------------+
; Port Connectivity Checks: "mxdisplay:u2"       ;
+--------------+-------+----------+--------------+
; Port         ; Type  ; Severity ; Details      ;
+--------------+-------+----------+--------------+
; fpr[3..1]    ; Input ; Info     ; Stuck at GND ;
; fpr[0][2..1] ; Input ; Info     ; Stuck at GND ;
; fpr[0][0]    ; Input ; Info     ; Stuck at VCC ;
+--------------+-------+----------+--------------+


+-------------------------------+
; Analysis & Synthesis Messages ;
+-------------------------------+
Info: *******************************************************************
Info: Running Quartus II Analysis & Synthesis
    Info: Version 9.1 Build 222 10/21/2009 SJ Full Version
    Info: Processing started: Mon Nov 12 23:04:29 2018
Info: Command: quartus_map --read_settings_files=on --write_settings_files=off shoot2 -c shoot2
Info: Parallel compilation is enabled and will use 2 of the 2 processors detected
Info: Found 2 design units, including 1 entities, in source file music/musicplayer.vhd
    Info: Found design unit 1: musicplayer-MU_ARCH
    Info: Found entity 1: musicplayer
Info: Found 2 design units, including 1 entities, in source file antishake/antishake.vhd
    Info: Found design unit 1: antishake-as
    Info: Found entity 1: antishake
Info: Found 3 design units, including 1 entities, in source file gamecontrol/gamecontrol.vhd
    Info: Found design unit 1: muse2
    Info: Found design unit 2: gamecontrol-gc
    Info: Found entity 1: gamecontrol
Info: Found 2 design units, including 1 entities, in source file statecontrol/statecontrol.vhd
    Info: Found design unit 1: statecontrol-sc
    Info: Found entity 1: statecontrol
Info: Found 3 design units, including 1 entities, in source file numdisplay/numdisplay.vhd
    Info: Found design unit 1: muse
    Info: Found design unit 2: numdisplay-num
    Info: Found entity 1: numdisplay
Info: Found 3 design units, including 1 entities, in source file mxdisplay/mxdisplay.vhd
    Info: Found design unit 1: muse1
    Info: Found design unit 2: mxdisplay-mx
    Info: Found entity 1: mxdisplay
Info: Found 2 design units, including 1 entities, in source file frequency_divider/frequency_divider.vhd
    Info: Found design unit 1: frequency_divider-fd
    Info: Found entity 1: frequency_divider
Info: Found 2 design units, including 1 entities, in source file shoot2.vhd
    Info: Found design unit 1: shoot2-top
    Info: Found entity 1: shoot2
Info: Elaborating entity "shoot2" for the top level hierarchy
Warning (10036): Verilog HDL or VHDL warning at shoot2.vhd(89): object "speedup1" assigned a value but never read
Warning (10036): Verilog HDL or VHDL warning at shoot2.vhd(89): object "speeddown1" assigned a value but never read
Warning (10036): Verilog HDL or VHDL warning at shoot2.vhd(89): object "random1" assigned a value but never read
Warning (10036): Verilog HDL or VHDL warning at shoot2.vhd(89): object "usual1" assigned a value but never read
Warning (10036): Verilog HDL or VHDL warning at shoot2.vhd(89): object "fprtmove1" assigned a value but never read
Warning (10036): Verilog HDL or VHDL warning at shoot2.vhd(89): object "fplftmove1" assigned a value but never read
Warning (10036): Verilog HDL or VHDL warning at shoot2.vhd(89): object "fire1" assigned a value but never read
Info: Elaborating entity "frequency_divider" for hierarchy "frequency_divider:u1"
Info: Elaborating entity "mxdisplay" for hierarchy "mxdisplay:u2"
Info: Elaborating entity "numdisplay" for hierarchy "numdisplay:u3"
Info: Elaborating entity "statecontrol" for hierarchy "statecontrol:u4"
Warning (10631): VHDL Process Statement warning at statecontrol.vhd(39): inferring latch(es) for signal or variable "stay", which holds its previous value in one or more paths through the process
Info (10041): Inferred latch for "stay" at statecontrol.vhd(39)
Info: Elaborating entity "gamecontrol" for hierarchy "gamecontrol:u5"
Info: Elaborating entity "antishake" for hierarchy "antishake:u6"
Info: Elaborating entity "musicplayer" for hierarchy "musicplayer:u7"
Warning (10631): VHDL Process Statement warning at musicplayer.vhd(44): inferring latch(es) for signal or variable "CLK_0", which holds its previous value in one or more paths through the process
Warning (10492): VHDL Process Statement warning at musicplayer.vhd(160): signal "NOTE" is read inside the Process Statement but isn't in the Process Statement's sensitivity list
Warning (10492): VHDL Process Statement warning at musicplayer.vhd(161): signal "CLK_0" is read inside the Process Statement but isn't in the Process Statement's sensitivity list
Warning (10492): VHDL Process Statement warning at musicplayer.vhd(162): signal "CLK_M1" is read inside the Process Statement but isn't in the Process Statement's sensitivity list
Warning (10492): VHDL Process Statement warning at musicplayer.vhd(163): signal "CLK_M2" is read inside the Process Statement but isn't in the Process Statement's sensitivity list
Warning (10492): VHDL Process Statement warning at musicplayer.vhd(164): signal "CLK_M3" is read inside the Process Statement but isn't in the Process Statement's sensitivity list
Warning (10492): VHDL Process Statement warning at musicplayer.vhd(165): signal "CLK_M4" is read inside the Process Statement but isn't in the Process Statement's sensitivity list
Warning (10492): VHDL Process Statement warning at musicplayer.vhd(166): signal "CLK_M5" is read inside the Process Statement but isn't in the Process Statement's sensitivity list
Warning (10492): VHDL Process Statement warning at musicplayer.vhd(167): signal "CLK_M6" is read inside the Process Statement but isn't in the Process Statement's sensitivity list
Warning (10492): VHDL Process Statement warning at musicplayer.vhd(168): signal "CLK_L5" is read inside the Process Statement but isn't in the Process Statement's sensitivity list
Warning (10492): VHDL Process Statement warning at musicplayer.vhd(169): signal "CLK_0" is read inside the Process Statement but isn't in the Process Statement's sensitivity list
Info (10041): Inferred latch for "CLK_0" at musicplayer.vhd(44)
Info: Registers with preset signals will power-up high
Info: Implemented 827 device resources after synthesis - the final resource count might be different
    Info: Implemented 11 input pins
    Info: Implemented 40 output pins
    Info: Implemented 776 logic cells
Info: Quartus II Analysis & Synthesis was successful. 0 errors, 19 warnings
    Info: Peak virtual memory: 268 megabytes
    Info: Processing ended: Mon Nov 12 23:04:35 2018
    Info: Elapsed time: 00:00:06
    Info: Total CPU time (on all processors): 00:00:04


