Flow report for shoot2
Mon Nov 12 23:04:43 2018
Quartus II Version 9.1 Build 222 10/21/2009 SJ Full Version


---------------------
; Table of Contents ;
---------------------
  1. Legal Notice
  2. Flow Summary
  3. Flow Settings
  4. Flow Non-Default Global Settings
  5. Flow Elapsed Time
  6. Flow OS Summary
  7. Flow Log



----------------
; Legal Notice ;
----------------
Copyright (C) 1991-2009 Altera Corporation
Your use of Altera Corporation's design tools, logic functions 
and other software and tools, and its AMPP partner logic 
functions, and any output files from any of the foregoing 
(including device programming or simulation files), and any 
associated documentation or information are expressly subject 
to the terms and conditions of the Altera Program License 
Subscription Agreement, Altera MegaCore Function License 
Agreement, or other applicable license agreement, including, 
without limitation, that your use is for the sole purpose of 
programming logic devices manufactured by Altera and sold by 
Altera or its authorized distributors.  Please refer to the 
applicable agreement for further details.



+--------------------------------------------------------------------+
; Flow Summary                                                       ;
+-------------------------+------------------------------------------+
; Flow Status             ; Successful - Mon Nov 12 23:04:43 2018    ;
; Quartus II Version      ; 9.1 Build 222 10/21/2009 SJ Full Version ;
; Revision Name           ; shoot2                                   ;
; Top-level Entity Name   ; shoot2                                   ;
; Family                  ; MAX II                                   ;
; Device                  ; EPM1270T144C5                            ;
; Timing Models           ; Final                                    ;
; Met timing requirements ; No                                       ;
; Total logic elements    ; 733 / 1,270 ( 58 % )                     ;
; Total pins              ; 51 / 116 ( 44 % )                        ;
; Total virtual pins      ; 0                                        ;
; UFM blocks              ; 0 / 1 ( 0 % )                            ;
+-------------------------+------------------------------------------+


+-----------------------------------------+
; Flow Settings                           ;
+-------------------+---------------------+
; Option            ; Setting             ;
+-------------------+---------------------+
; Start date & time ; 11/12/2018 23:04:30 ;
; Main task         ; Compilation         ;
; Revision Name     ; shoot2              ;
+-------------------+---------------------+


+----------------------------------------------------------------------------------------------------------------------------------------------------+
; Flow Non-Default Global Settings                                                                                                                   ;
+---------------------------------------+-------------------------------------------------------------+---------------+-------------+----------------+
; Assignment Name                       ; Value                                                       ; Default Value ; Entity Name ; Section Id     ;
+---------------------------------------+-------------------------------------------------------------+---------------+-------------+----------------+
; COMPILER_SIGNATURE_ID                 ; 1096279005486.154203507010320                               ; --            ; --          ; --             ;
; MAX_CORE_JUNCTION_TEMP                ; 85                                                          ; --            ; --          ; --             ;
; MIN_CORE_JUNCTION_TEMP                ; 0                                                           ; --            ; --          ; --             ;
; MISC_FILE                             ; C:/Users/Administrator/Desktop/shoot. v3.0/shoot2.dpf       ; --            ; --          ; --             ;
; MISC_FILE                             ; C:/Users/Administrator/Desktop/shoot. v4.0/shoot2.dpf       ; --            ; --          ; --             ;
; MISC_FILE                             ; C:/Users/1/Desktop/shoot. v6.0/shoot2.dpf                   ; --            ; --          ; --             ;
; MISC_FILE                             ; C:/Documents and Settings/admin/×ÀÃæ/shoot. v8.0/shoot2.dpf ; --            ; --          ; --             ;
; POWER_EXT_SUPPLY_VOLTAGE_TO_REGULATOR ; 3.3V                                                        ; --            ; --          ; --             ;
; USE_GENERATED_PHYSICAL_CONSTRAINTS    ; Off                                                         ; --            ; --          ; eda_blast_fpga ;
+---------------------------------------+-------------------------------------------------------------+---------------+-------------+----------------+


+-----------------------------------------------------------------------------------------------------------------------------+
; Flow Elapsed Time                                                                                                           ;
+-------------------------+--------------+-------------------------+---------------------+------------------------------------+
; Module Name             ; Elapsed Time ; Average Processors Used ; Peak Virtual Memory ; Total CPU Time (on all processors) ;
+-------------------------+--------------+-------------------------+---------------------+------------------------------------+
; Analysis & Synthesis    ; 00:00:05     ; 1.0                     ; 268 MB              ; 00:00:04                           ;
; Fitter                  ; 00:00:04     ; 1.4                     ; 256 MB              ; 00:00:03                           ;
; Assembler               ; 00:00:01     ; 1.0                     ; 196 MB              ; 00:00:00                           ;
; Classic Timing Analyzer ; 00:00:01     ; 1.0                     ; 184 MB              ; 00:00:01                           ;
; Total                   ; 00:00:11     ; --                      ; --                  ; 00:00:08                           ;
+-------------------------+--------------+-------------------------+---------------------+------------------------------------+


+------------------------------------------------------------------------------------------+
; Flow OS Summary                                                                          ;
+-------------------------+------------------+---------------+------------+----------------+
; Module Name             ; Machine Hostname ; OS Name       ; OS Version ; Processor type ;
+-------------------------+------------------+---------------+------------+----------------+
; Analysis & Synthesis    ; LAPTOP-TCSN23UB  ; Windows Vista ; 6.2        ; x86_64         ;
; Fitter                  ; LAPTOP-TCSN23UB  ; Windows Vista ; 6.2        ; x86_64         ;
; Assembler               ; LAPTOP-TCSN23UB  ; Windows Vista ; 6.2        ; x86_64         ;
; Classic Timing Analyzer ; LAPTOP-TCSN23UB  ; Windows Vista ; 6.2        ; x86_64         ;
+-------------------------+------------------+---------------+------------+----------------+


------------
; Flow Log ;
------------
quartus_map --read_settings_files=on --write_settings_files=off shoot2 -c shoot2
quartus_fit --read_settings_files=off --write_settings_files=off shoot2 -c shoot2
quartus_asm --read_settings_files=off --write_settings_files=off shoot2 -c shoot2
quartus_tan --read_settings_files=off --write_settings_files=off shoot2 -c shoot2



