Classic Timing Analyzer report for antishake
Fri Nov 02 17:10:33 2018
Quartus II Version 9.1 Build 222 10/21/2009 SJ Full Version


---------------------
; Table of Contents ;
---------------------
  1. Legal Notice
  2. Timing Analyzer Summary
  3. Timing Analyzer Settings
  4. Clock Settings Summary
  5. Parallel Compilation
  6. Clock Setup: 'clk3'
  7. tco
  8. Timing Analyzer Messages



----------------
; Legal Notice ;
----------------
Copyright (C) 1991-2009 Altera Corporation
Your use of Altera Corporation's design tools, logic functions 
and other software and tools, and its AMPP partner logic 
functions, and any output files from any of the foregoing 
(including device programming or simulation files), and any 
associated documentation or information are expressly subject 
to the terms and conditions of the Altera Program License 
Subscription Agreement, Altera MegaCore Function License 
Agreement, or other applicable license agreement, including, 
without limitation, that your use is for the sole purpose of 
programming logic devices manufactured by Altera and sold by 
Altera or its authorized distributors.  Please refer to the 
applicable agreement for further details.



+----------------------------------------------------------------------------------------------------------------------------------------------------------------+
; Timing Analyzer Summary                                                                                                                                        ;
+------------------------------+-------+---------------+----------------------------------+----------------+--------------+------------+----------+--------------+
; Type                         ; Slack ; Required Time ; Actual Time                      ; From           ; To           ; From Clock ; To Clock ; Failed Paths ;
+------------------------------+-------+---------------+----------------------------------+----------------+--------------+------------+----------+--------------+
; Worst-case tco               ; N/A   ; None          ; 9.077 ns                         ; fprtmove3~reg0 ; fprtmove3    ; clk3       ; --       ; 0            ;
; Clock Setup: 'clk3'          ; N/A   ; None          ; 218.87 MHz ( period = 4.569 ns ) ; \p8:cnt20[3]   ; \p8:cnt20[3] ; clk3       ; clk3     ; 0            ;
; Total number of failed paths ;       ;               ;                                  ;                ;              ;            ;          ; 0            ;
+------------------------------+-------+---------------+----------------------------------+----------------+--------------+------------+----------+--------------+


+-----------------------------------------------------------------------------------------------------------------------------------------------------+
; Timing Analyzer Settings                                                                                                                            ;
+------------------------------------------------------------------------------------------------------+--------------------+------+----+-------------+
; Option                                                                                               ; Setting            ; From ; To ; Entity Name ;
+------------------------------------------------------------------------------------------------------+--------------------+------+----+-------------+
; Device Name                                                                                          ; EPM1270T144C5      ;      ;    ;             ;
; Timing Models                                                                                        ; Final              ;      ;    ;             ;
; Default hold multicycle                                                                              ; Same as Multicycle ;      ;    ;             ;
; Cut paths between unrelated clock domains                                                            ; On                 ;      ;    ;             ;
; Cut off read during write signal paths                                                               ; On                 ;      ;    ;             ;
; Cut off feedback from I/O pins                                                                       ; On                 ;      ;    ;             ;
; Report Combined Fast/Slow Timing                                                                     ; Off                ;      ;    ;             ;
; Ignore Clock Settings                                                                                ; Off                ;      ;    ;             ;
; Analyze latches as synchronous elements                                                              ; On                 ;      ;    ;             ;
; Enable Recovery/Removal analysis                                                                     ; Off                ;      ;    ;             ;
; Enable Clock Latency                                                                                 ; Off                ;      ;    ;             ;
; Use TimeQuest Timing Analyzer                                                                        ; Off                ;      ;    ;             ;
; Minimum Core Junction Temperature                                                                    ; 0                  ;      ;    ;             ;
; Maximum Core Junction Temperature                                                                    ; 85                 ;      ;    ;             ;
; Number of source nodes to report per destination node                                                ; 10                 ;      ;    ;             ;
; Number of destination nodes to report                                                                ; 10                 ;      ;    ;             ;
; Number of paths to report                                                                            ; 200                ;      ;    ;             ;
; Report Minimum Timing Checks                                                                         ; Off                ;      ;    ;             ;
; Use Fast Timing Models                                                                               ; Off                ;      ;    ;             ;
; Report IO Paths Separately                                                                           ; Off                ;      ;    ;             ;
; Perform Multicorner Analysis                                                                         ; Off                ;      ;    ;             ;
; Reports the worst-case path for each clock domain and analysis                                       ; Off                ;      ;    ;             ;
; Reports worst-case timing paths for each clock domain and analysis                                   ; On                 ;      ;    ;             ;
; Specifies the maximum number of worst-case timing paths to report for each clock domain and analysis ; 100                ;      ;    ;             ;
; Removes common clock path pessimism (CCPP) during slack computation                                  ; Off                ;      ;    ;             ;
; Output I/O Timing Endpoint                                                                           ; Near End           ;      ;    ;             ;
+------------------------------------------------------------------------------------------------------+--------------------+------+----+-------------+


+------------------------------------------------------------------------------------------------------------------------------------------------------------------------------------+
; Clock Settings Summary                                                                                                                                                             ;
+-----------------+--------------------+----------+------------------+---------------+--------------+----------+-----------------------+---------------------+--------+--------------+
; Clock Node Name ; Clock Setting Name ; Type     ; Fmax Requirement ; Early Latency ; Late Latency ; Based on ; Multiply Base Fmax by ; Divide Base Fmax by ; Offset ; Phase offset ;
+-----------------+--------------------+----------+------------------+---------------+--------------+----------+-----------------------+---------------------+--------+--------------+
; clk3            ;                    ; User Pin ; None             ; 0.000 ns      ; 0.000 ns     ; --       ; N/A                   ; N/A                 ; N/A    ;              ;
+-----------------+--------------------+----------+------------------+---------------+--------------+----------+-----------------------+---------------------+--------+--------------+


+------------------------------------------+
; Parallel Compilation                     ;
+----------------------------+-------------+
; Processors                 ; Number      ;
+----------------------------+-------------+
; Number detected on machine ; 4           ;
; Maximum allowed            ; 4           ;
;                            ;             ;
; Average used               ; 1.00        ;
; Maximum used               ; 1           ;
;                            ;             ;
; Usage by Processor         ; % Time Used ;
;     1 processor            ; 100.0%      ;
;     2-4 processors         ;   0.0%      ;
+----------------------------+-------------+


+----------------------------------------------------------------------------------------------------------------------------------------------------------------------------------------------------------------+
; Clock Setup: 'clk3'                                                                                                                                                                                            ;
+-------+------------------------------------------------+---------------------+---------------------+------------+----------+-----------------------------+---------------------------+-------------------------+
; Slack ; Actual fmax (period)                           ; From                ; To                  ; From Clock ; To Clock ; Required Setup Relationship ; Required Longest P2P Time ; Actual Longest P2P Time ;
+-------+------------------------------------------------+---------------------+---------------------+------------+----------+-----------------------------+---------------------------+-------------------------+
; N/A   ; 218.87 MHz ( period = 4.569 ns )               ; \p8:cnt20[3]        ; \p8:cnt20[4]        ; clk3       ; clk3     ; None                        ; None                      ; 3.860 ns                ;
; N/A   ; 218.87 MHz ( period = 4.569 ns )               ; \p8:cnt20[3]        ; \p8:cnt20[1]        ; clk3       ; clk3     ; None                        ; None                      ; 3.860 ns                ;
; N/A   ; 218.87 MHz ( period = 4.569 ns )               ; \p8:cnt20[3]        ; \p8:cnt20[2]        ; clk3       ; clk3     ; None                        ; None                      ; 3.860 ns                ;
; N/A   ; 218.87 MHz ( period = 4.569 ns )               ; \p8:cnt20[3]        ; \p8:cnt20[3]        ; clk3       ; clk3     ; None                        ; None                      ; 3.860 ns                ;
; N/A   ; 219.20 MHz ( period = 4.562 ns )               ; \process_5:cnt20[3] ; \process_5:cnt20[4] ; clk3       ; clk3     ; None                        ; None                      ; 3.853 ns                ;
; N/A   ; 219.20 MHz ( period = 4.562 ns )               ; \process_5:cnt20[3] ; \process_5:cnt20[1] ; clk3       ; clk3     ; None                        ; None                      ; 3.853 ns                ;
; N/A   ; 219.20 MHz ( period = 4.562 ns )               ; \process_5:cnt20[3] ; \process_5:cnt20[2] ; clk3       ; clk3     ; None                        ; None                      ; 3.853 ns                ;
; N/A   ; 219.20 MHz ( period = 4.562 ns )               ; \process_5:cnt20[3] ; \process_5:cnt20[3] ; clk3       ; clk3     ; None                        ; None                      ; 3.853 ns                ;
; N/A   ; 220.26 MHz ( period = 4.540 ns )               ; \process_4:cnt20[3] ; \process_4:cnt20[1] ; clk3       ; clk3     ; None                        ; None                      ; 3.831 ns                ;
; N/A   ; 220.26 MHz ( period = 4.540 ns )               ; \process_4:cnt20[3] ; \process_4:cnt20[4] ; clk3       ; clk3     ; None                        ; None                      ; 3.831 ns                ;
; N/A   ; 220.26 MHz ( period = 4.540 ns )               ; \process_4:cnt20[3] ; \process_4:cnt20[2] ; clk3       ; clk3     ; None                        ; None                      ; 3.831 ns                ;
; N/A   ; 220.26 MHz ( period = 4.540 ns )               ; \process_4:cnt20[3] ; \process_4:cnt20[3] ; clk3       ; clk3     ; None                        ; None                      ; 3.831 ns                ;
; N/A   ; 223.16 MHz ( period = 4.481 ns )               ; cnt20[4]            ; cnt20[4]            ; clk3       ; clk3     ; None                        ; None                      ; 3.772 ns                ;
; N/A   ; 223.16 MHz ( period = 4.481 ns )               ; cnt20[4]            ; cnt20[1]            ; clk3       ; clk3     ; None                        ; None                      ; 3.772 ns                ;
; N/A   ; 223.16 MHz ( period = 4.481 ns )               ; cnt20[4]            ; cnt20[2]            ; clk3       ; clk3     ; None                        ; None                      ; 3.772 ns                ;
; N/A   ; 223.16 MHz ( period = 4.481 ns )               ; cnt20[4]            ; cnt20[3]            ; clk3       ; clk3     ; None                        ; None                      ; 3.772 ns                ;
; N/A   ; 230.31 MHz ( period = 4.342 ns )               ; cnt20[2]            ; usual3~reg0         ; clk3       ; clk3     ; None                        ; None                      ; 3.633 ns                ;
; N/A   ; 230.47 MHz ( period = 4.339 ns )               ; cnt20[2]            ; speedup3~reg0       ; clk3       ; clk3     ; None                        ; None                      ; 3.630 ns                ;
; N/A   ; 231.43 MHz ( period = 4.321 ns )               ; \p8:cnt20[2]        ; \p8:cnt20[4]        ; clk3       ; clk3     ; None                        ; None                      ; 3.612 ns                ;
; N/A   ; 231.43 MHz ( period = 4.321 ns )               ; \p8:cnt20[2]        ; \p8:cnt20[1]        ; clk3       ; clk3     ; None                        ; None                      ; 3.612 ns                ;
; N/A   ; 231.43 MHz ( period = 4.321 ns )               ; \p8:cnt20[2]        ; \p8:cnt20[2]        ; clk3       ; clk3     ; None                        ; None                      ; 3.612 ns                ;
; N/A   ; 231.43 MHz ( period = 4.321 ns )               ; \p8:cnt20[2]        ; \p8:cnt20[3]        ; clk3       ; clk3     ; None                        ; None                      ; 3.612 ns                ;
; N/A   ; 231.86 MHz ( period = 4.313 ns )               ; \process_4:cnt20[2] ; \process_4:cnt20[1] ; clk3       ; clk3     ; None                        ; None                      ; 3.604 ns                ;
; N/A   ; 231.86 MHz ( period = 4.313 ns )               ; \process_4:cnt20[2] ; \process_4:cnt20[4] ; clk3       ; clk3     ; None                        ; None                      ; 3.604 ns                ;
; N/A   ; 231.86 MHz ( period = 4.313 ns )               ; \process_4:cnt20[2] ; \process_4:cnt20[2] ; clk3       ; clk3     ; None                        ; None                      ; 3.604 ns                ;
; N/A   ; 231.86 MHz ( period = 4.313 ns )               ; \process_4:cnt20[2] ; \process_4:cnt20[3] ; clk3       ; clk3     ; None                        ; None                      ; 3.604 ns                ;
; N/A   ; 232.02 MHz ( period = 4.310 ns )               ; \process_6:cnt20[2] ; \process_6:cnt20[1] ; clk3       ; clk3     ; None                        ; None                      ; 3.601 ns                ;
; N/A   ; 232.02 MHz ( period = 4.310 ns )               ; \process_6:cnt20[2] ; \process_6:cnt20[4] ; clk3       ; clk3     ; None                        ; None                      ; 3.601 ns                ;
; N/A   ; 232.02 MHz ( period = 4.310 ns )               ; \process_6:cnt20[2] ; \process_6:cnt20[2] ; clk3       ; clk3     ; None                        ; None                      ; 3.601 ns                ;
; N/A   ; 232.02 MHz ( period = 4.310 ns )               ; \process_6:cnt20[2] ; \process_6:cnt20[3] ; clk3       ; clk3     ; None                        ; None                      ; 3.601 ns                ;
; N/A   ; 232.50 MHz ( period = 4.301 ns )               ; \process_5:cnt20[2] ; \process_5:cnt20[4] ; clk3       ; clk3     ; None                        ; None                      ; 3.592 ns                ;
; N/A   ; 232.50 MHz ( period = 4.301 ns )               ; \process_5:cnt20[2] ; \process_5:cnt20[1] ; clk3       ; clk3     ; None                        ; None                      ; 3.592 ns                ;
; N/A   ; 232.50 MHz ( period = 4.301 ns )               ; \process_5:cnt20[2] ; \process_5:cnt20[2] ; clk3       ; clk3     ; None                        ; None                      ; 3.592 ns                ;
; N/A   ; 232.50 MHz ( period = 4.301 ns )               ; \process_5:cnt20[2] ; \process_5:cnt20[3] ; clk3       ; clk3     ; None                        ; None                      ; 3.592 ns                ;
; N/A   ; 234.25 MHz ( period = 4.269 ns )               ; \process_3:cnt20[3] ; \process_3:cnt20[1] ; clk3       ; clk3     ; None                        ; None                      ; 3.560 ns                ;
; N/A   ; 234.25 MHz ( period = 4.269 ns )               ; \process_3:cnt20[3] ; \process_3:cnt20[4] ; clk3       ; clk3     ; None                        ; None                      ; 3.560 ns                ;
; N/A   ; 234.25 MHz ( period = 4.269 ns )               ; \process_3:cnt20[3] ; \process_3:cnt20[2] ; clk3       ; clk3     ; None                        ; None                      ; 3.560 ns                ;
; N/A   ; 234.25 MHz ( period = 4.269 ns )               ; \process_3:cnt20[3] ; \process_3:cnt20[3] ; clk3       ; clk3     ; None                        ; None                      ; 3.560 ns                ;
; N/A   ; 235.57 MHz ( period = 4.245 ns )               ; cnt20[2]            ; cnt20[4]            ; clk3       ; clk3     ; None                        ; None                      ; 3.536 ns                ;
; N/A   ; 235.57 MHz ( period = 4.245 ns )               ; cnt20[2]            ; cnt20[1]            ; clk3       ; clk3     ; None                        ; None                      ; 3.536 ns                ;
; N/A   ; 235.57 MHz ( period = 4.245 ns )               ; cnt20[2]            ; cnt20[2]            ; clk3       ; clk3     ; None                        ; None                      ; 3.536 ns                ;
; N/A   ; 235.57 MHz ( period = 4.245 ns )               ; cnt20[2]            ; cnt20[3]            ; clk3       ; clk3     ; None                        ; None                      ; 3.536 ns                ;
; N/A   ; 236.97 MHz ( period = 4.220 ns )               ; cnt20[3]            ; usual3~reg0         ; clk3       ; clk3     ; None                        ; None                      ; 3.511 ns                ;
; N/A   ; 237.14 MHz ( period = 4.217 ns )               ; cnt20[3]            ; speedup3~reg0       ; clk3       ; clk3     ; None                        ; None                      ; 3.508 ns                ;
; N/A   ; 240.15 MHz ( period = 4.164 ns )               ; cnt20[3]            ; cnt20[4]            ; clk3       ; clk3     ; None                        ; None                      ; 3.455 ns                ;
; N/A   ; 241.60 MHz ( period = 4.139 ns )               ; \process_3:cnt20[2] ; \process_3:cnt20[1] ; clk3       ; clk3     ; None                        ; None                      ; 3.430 ns                ;
; N/A   ; 241.60 MHz ( period = 4.139 ns )               ; \process_3:cnt20[2] ; \process_3:cnt20[4] ; clk3       ; clk3     ; None                        ; None                      ; 3.430 ns                ;
; N/A   ; 241.60 MHz ( period = 4.139 ns )               ; \process_3:cnt20[2] ; \process_3:cnt20[2] ; clk3       ; clk3     ; None                        ; None                      ; 3.430 ns                ;
; N/A   ; 241.60 MHz ( period = 4.139 ns )               ; \process_3:cnt20[2] ; \process_3:cnt20[3] ; clk3       ; clk3     ; None                        ; None                      ; 3.430 ns                ;
; N/A   ; 242.42 MHz ( period = 4.125 ns )               ; cnt20[3]            ; cnt20[1]            ; clk3       ; clk3     ; None                        ; None                      ; 3.416 ns                ;
; N/A   ; 242.42 MHz ( period = 4.125 ns )               ; cnt20[3]            ; cnt20[2]            ; clk3       ; clk3     ; None                        ; None                      ; 3.416 ns                ;
; N/A   ; 242.42 MHz ( period = 4.125 ns )               ; cnt20[3]            ; cnt20[3]            ; clk3       ; clk3     ; None                        ; None                      ; 3.416 ns                ;
; N/A   ; 242.78 MHz ( period = 4.119 ns )               ; \process_6:cnt20[4] ; \process_6:cnt20[1] ; clk3       ; clk3     ; None                        ; None                      ; 3.410 ns                ;
; N/A   ; 242.78 MHz ( period = 4.119 ns )               ; \process_6:cnt20[4] ; \process_6:cnt20[4] ; clk3       ; clk3     ; None                        ; None                      ; 3.410 ns                ;
; N/A   ; 242.78 MHz ( period = 4.119 ns )               ; \process_6:cnt20[4] ; \process_6:cnt20[2] ; clk3       ; clk3     ; None                        ; None                      ; 3.410 ns                ;
; N/A   ; 242.78 MHz ( period = 4.119 ns )               ; \process_6:cnt20[4] ; \process_6:cnt20[3] ; clk3       ; clk3     ; None                        ; None                      ; 3.410 ns                ;
; N/A   ; 247.71 MHz ( period = 4.037 ns )               ; \process_6:cnt20[0] ; \process_6:cnt20[4] ; clk3       ; clk3     ; None                        ; None                      ; 3.328 ns                ;
; N/A   ; 248.32 MHz ( period = 4.027 ns )               ; \process_4:cnt20[0] ; \process_4:cnt20[4] ; clk3       ; clk3     ; None                        ; None                      ; 3.318 ns                ;
; N/A   ; 248.32 MHz ( period = 4.027 ns )               ; \p8:cnt20[0]        ; \p8:cnt20[4]        ; clk3       ; clk3     ; None                        ; None                      ; 3.318 ns                ;
; N/A   ; 249.07 MHz ( period = 4.015 ns )               ; \process_3:cnt20[1] ; \process_3:cnt20[4] ; clk3       ; clk3     ; None                        ; None                      ; 3.306 ns                ;
; N/A   ; 249.19 MHz ( period = 4.013 ns )               ; cnt20[1]            ; cnt20[4]            ; clk3       ; clk3     ; None                        ; None                      ; 3.304 ns                ;
; N/A   ; 250.13 MHz ( period = 3.998 ns )               ; \process_5:cnt20[0] ; \process_5:cnt20[4] ; clk3       ; clk3     ; None                        ; None                      ; 3.289 ns                ;
; N/A   ; 253.68 MHz ( period = 3.942 ns )               ; \process_3:cnt20[3] ; speeddown3~reg0     ; clk3       ; clk3     ; None                        ; None                      ; 3.233 ns                ;
; N/A   ; 255.49 MHz ( period = 3.914 ns )               ; \process_6:cnt20[0] ; \process_6:cnt20[3] ; clk3       ; clk3     ; None                        ; None                      ; 3.205 ns                ;
; N/A   ; 256.15 MHz ( period = 3.904 ns )               ; \process_4:cnt20[0] ; \process_4:cnt20[3] ; clk3       ; clk3     ; None                        ; None                      ; 3.195 ns                ;
; N/A   ; 256.15 MHz ( period = 3.904 ns )               ; \p8:cnt20[0]        ; \p8:cnt20[3]        ; clk3       ; clk3     ; None                        ; None                      ; 3.195 ns                ;
; N/A   ; 256.94 MHz ( period = 3.892 ns )               ; \process_3:cnt20[1] ; \process_3:cnt20[3] ; clk3       ; clk3     ; None                        ; None                      ; 3.183 ns                ;
; N/A   ; 257.07 MHz ( period = 3.890 ns )               ; cnt20[1]            ; cnt20[3]            ; clk3       ; clk3     ; None                        ; None                      ; 3.181 ns                ;
; N/A   ; 258.06 MHz ( period = 3.875 ns )               ; \process_3:cnt20[2] ; speeddown3~reg0     ; clk3       ; clk3     ; None                        ; None                      ; 3.166 ns                ;
; N/A   ; 258.06 MHz ( period = 3.875 ns )               ; \process_5:cnt20[0] ; \process_5:cnt20[3] ; clk3       ; clk3     ; None                        ; None                      ; 3.166 ns                ;
; N/A   ; 261.92 MHz ( period = 3.818 ns )               ; cnt20[0]            ; cnt20[4]            ; clk3       ; clk3     ; None                        ; None                      ; 3.109 ns                ;
; N/A   ; 263.30 MHz ( period = 3.798 ns )               ; \process_6:cnt20[1] ; \process_6:cnt20[4] ; clk3       ; clk3     ; None                        ; None                      ; 3.089 ns                ;
; N/A   ; 263.78 MHz ( period = 3.791 ns )               ; \process_6:cnt20[0] ; \process_6:cnt20[2] ; clk3       ; clk3     ; None                        ; None                      ; 3.082 ns                ;
; N/A   ; 264.48 MHz ( period = 3.781 ns )               ; \process_4:cnt20[0] ; \process_4:cnt20[2] ; clk3       ; clk3     ; None                        ; None                      ; 3.072 ns                ;
; N/A   ; 264.48 MHz ( period = 3.781 ns )               ; \p8:cnt20[0]        ; \p8:cnt20[2]        ; clk3       ; clk3     ; None                        ; None                      ; 3.072 ns                ;
; N/A   ; 265.04 MHz ( period = 3.773 ns )               ; \process_4:cnt20[1] ; \process_4:cnt20[4] ; clk3       ; clk3     ; None                        ; None                      ; 3.064 ns                ;
; N/A   ; 265.25 MHz ( period = 3.770 ns )               ; \process_3:cnt20[0] ; \process_3:cnt20[4] ; clk3       ; clk3     ; None                        ; None                      ; 3.061 ns                ;
; N/A   ; 265.32 MHz ( period = 3.769 ns )               ; \process_3:cnt20[1] ; \process_3:cnt20[2] ; clk3       ; clk3     ; None                        ; None                      ; 3.060 ns                ;
; N/A   ; 265.46 MHz ( period = 3.767 ns )               ; cnt20[1]            ; cnt20[2]            ; clk3       ; clk3     ; None                        ; None                      ; 3.058 ns                ;
; N/A   ; 265.75 MHz ( period = 3.763 ns )               ; \process_5:cnt20[1] ; \process_5:cnt20[4] ; clk3       ; clk3     ; None                        ; None                      ; 3.054 ns                ;
; N/A   ; 266.38 MHz ( period = 3.754 ns )               ; \p8:cnt20[1]        ; \p8:cnt20[4]        ; clk3       ; clk3     ; None                        ; None                      ; 3.045 ns                ;
; N/A   ; 266.52 MHz ( period = 3.752 ns )               ; \process_5:cnt20[0] ; \process_5:cnt20[2] ; clk3       ; clk3     ; None                        ; None                      ; 3.043 ns                ;
; N/A   ; 267.24 MHz ( period = 3.742 ns )               ; \process_6:cnt20[3] ; \process_6:cnt20[4] ; clk3       ; clk3     ; None                        ; None                      ; 3.033 ns                ;
; N/A   ; 267.24 MHz ( period = 3.742 ns )               ; \p8:cnt20[4]        ; \p8:cnt20[4]        ; clk3       ; clk3     ; None                        ; None                      ; 3.033 ns                ;
; N/A   ; 267.24 MHz ( period = 3.742 ns )               ; \p8:cnt20[4]        ; \p8:cnt20[1]        ; clk3       ; clk3     ; None                        ; None                      ; 3.033 ns                ;
; N/A   ; 267.24 MHz ( period = 3.742 ns )               ; \p8:cnt20[4]        ; \p8:cnt20[2]        ; clk3       ; clk3     ; None                        ; None                      ; 3.033 ns                ;
; N/A   ; 267.24 MHz ( period = 3.742 ns )               ; \p8:cnt20[4]        ; \p8:cnt20[3]        ; clk3       ; clk3     ; None                        ; None                      ; 3.033 ns                ;
; N/A   ; 267.74 MHz ( period = 3.735 ns )               ; \process_4:cnt20[4] ; \process_4:cnt20[1] ; clk3       ; clk3     ; None                        ; None                      ; 3.026 ns                ;
; N/A   ; 267.74 MHz ( period = 3.735 ns )               ; \process_4:cnt20[4] ; \process_4:cnt20[4] ; clk3       ; clk3     ; None                        ; None                      ; 3.026 ns                ;
; N/A   ; 267.74 MHz ( period = 3.735 ns )               ; \process_6:cnt20[3] ; \process_6:cnt20[1] ; clk3       ; clk3     ; None                        ; None                      ; 3.026 ns                ;
; N/A   ; 267.74 MHz ( period = 3.735 ns )               ; \process_4:cnt20[4] ; \process_4:cnt20[2] ; clk3       ; clk3     ; None                        ; None                      ; 3.026 ns                ;
; N/A   ; 267.74 MHz ( period = 3.735 ns )               ; \process_4:cnt20[4] ; \process_4:cnt20[3] ; clk3       ; clk3     ; None                        ; None                      ; 3.026 ns                ;
; N/A   ; 267.74 MHz ( period = 3.735 ns )               ; \process_6:cnt20[3] ; \process_6:cnt20[2] ; clk3       ; clk3     ; None                        ; None                      ; 3.026 ns                ;
; N/A   ; 267.74 MHz ( period = 3.735 ns )               ; \process_6:cnt20[3] ; \process_6:cnt20[3] ; clk3       ; clk3     ; None                        ; None                      ; 3.026 ns                ;
; N/A   ; 268.17 MHz ( period = 3.729 ns )               ; \process_3:cnt20[4] ; \process_3:cnt20[1] ; clk3       ; clk3     ; None                        ; None                      ; 3.020 ns                ;
; N/A   ; 268.17 MHz ( period = 3.729 ns )               ; \process_3:cnt20[4] ; \process_3:cnt20[4] ; clk3       ; clk3     ; None                        ; None                      ; 3.020 ns                ;
; N/A   ; 268.17 MHz ( period = 3.729 ns )               ; \process_3:cnt20[4] ; \process_3:cnt20[2] ; clk3       ; clk3     ; None                        ; None                      ; 3.020 ns                ;
; N/A   ; 268.17 MHz ( period = 3.729 ns )               ; \process_3:cnt20[4] ; \process_3:cnt20[3] ; clk3       ; clk3     ; None                        ; None                      ; 3.020 ns                ;
; N/A   ; 268.60 MHz ( period = 3.723 ns )               ; \process_5:cnt20[4] ; \process_5:cnt20[4] ; clk3       ; clk3     ; None                        ; None                      ; 3.014 ns                ;
; N/A   ; 268.60 MHz ( period = 3.723 ns )               ; \process_5:cnt20[4] ; \process_5:cnt20[1] ; clk3       ; clk3     ; None                        ; None                      ; 3.014 ns                ;
; N/A   ; 268.60 MHz ( period = 3.723 ns )               ; \process_5:cnt20[4] ; \process_5:cnt20[2] ; clk3       ; clk3     ; None                        ; None                      ; 3.014 ns                ;
; N/A   ; 268.60 MHz ( period = 3.723 ns )               ; \process_5:cnt20[4] ; \process_5:cnt20[3] ; clk3       ; clk3     ; None                        ; None                      ; 3.014 ns                ;
; N/A   ; 269.32 MHz ( period = 3.713 ns )               ; \process_5:cnt20[2] ; fprtmove3~reg0      ; clk3       ; clk3     ; None                        ; None                      ; 3.004 ns                ;
; N/A   ; 270.34 MHz ( period = 3.699 ns )               ; \process_4:cnt20[4] ; random3~reg0        ; clk3       ; clk3     ; None                        ; None                      ; 2.990 ns                ;
; N/A   ; 270.64 MHz ( period = 3.695 ns )               ; cnt20[0]            ; cnt20[3]            ; clk3       ; clk3     ; None                        ; None                      ; 2.986 ns                ;
; N/A   ; 271.08 MHz ( period = 3.689 ns )               ; \process_3:cnt20[2] ; \process_3:cnt20[0] ; clk3       ; clk3     ; None                        ; None                      ; 2.980 ns                ;
; N/A   ; 272.11 MHz ( period = 3.675 ns )               ; \process_6:cnt20[1] ; \process_6:cnt20[3] ; clk3       ; clk3     ; None                        ; None                      ; 2.966 ns                ;
; N/A   ; 273.97 MHz ( period = 3.650 ns )               ; \process_4:cnt20[1] ; \process_4:cnt20[3] ; clk3       ; clk3     ; None                        ; None                      ; 2.941 ns                ;
; N/A   ; 274.12 MHz ( period = 3.648 ns )               ; cnt20[2]            ; clear3~reg0         ; clk3       ; clk3     ; None                        ; None                      ; 2.939 ns                ;
; N/A   ; 274.20 MHz ( period = 3.647 ns )               ; \process_3:cnt20[0] ; \process_3:cnt20[3] ; clk3       ; clk3     ; None                        ; None                      ; 2.938 ns                ;
; N/A   ; 274.73 MHz ( period = 3.640 ns )               ; \process_5:cnt20[1] ; \process_5:cnt20[3] ; clk3       ; clk3     ; None                        ; None                      ; 2.931 ns                ;
; N/A   ; 275.41 MHz ( period = 3.631 ns )               ; \p8:cnt20[1]        ; \p8:cnt20[3]        ; clk3       ; clk3     ; None                        ; None                      ; 2.922 ns                ;
; N/A   ; 275.63 MHz ( period = 3.628 ns )               ; cnt20[4]            ; usual3~reg0         ; clk3       ; clk3     ; None                        ; None                      ; 2.919 ns                ;
; N/A   ; 275.86 MHz ( period = 3.625 ns )               ; cnt20[4]            ; speedup3~reg0       ; clk3       ; clk3     ; None                        ; None                      ; 2.916 ns                ;
; N/A   ; 279.96 MHz ( period = 3.572 ns )               ; cnt20[0]            ; cnt20[2]            ; clk3       ; clk3     ; None                        ; None                      ; 2.863 ns                ;
; N/A   ; 281.53 MHz ( period = 3.552 ns )               ; \process_6:cnt20[1] ; \process_6:cnt20[2] ; clk3       ; clk3     ; None                        ; None                      ; 2.843 ns                ;
; N/A   ; 283.53 MHz ( period = 3.527 ns )               ; \process_4:cnt20[1] ; \process_4:cnt20[2] ; clk3       ; clk3     ; None                        ; None                      ; 2.818 ns                ;
; N/A   ; 283.61 MHz ( period = 3.526 ns )               ; cnt20[3]            ; clear3~reg0         ; clk3       ; clk3     ; None                        ; None                      ; 2.817 ns                ;
; N/A   ; 283.77 MHz ( period = 3.524 ns )               ; \process_3:cnt20[0] ; \process_3:cnt20[2] ; clk3       ; clk3     ; None                        ; None                      ; 2.815 ns                ;
; N/A   ; 284.33 MHz ( period = 3.517 ns )               ; \process_5:cnt20[1] ; \process_5:cnt20[2] ; clk3       ; clk3     ; None                        ; None                      ; 2.808 ns                ;
; N/A   ; 285.06 MHz ( period = 3.508 ns )               ; \p8:cnt20[1]        ; \p8:cnt20[2]        ; clk3       ; clk3     ; None                        ; None                      ; 2.799 ns                ;
; N/A   ; 286.62 MHz ( period = 3.489 ns )               ; \process_6:cnt20[3] ; fplftmove3~reg0     ; clk3       ; clk3     ; None                        ; None                      ; 2.780 ns                ;
; N/A   ; 286.70 MHz ( period = 3.488 ns )               ; \p8:cnt20[2]        ; fire3~reg0          ; clk3       ; clk3     ; None                        ; None                      ; 2.779 ns                ;
; N/A   ; 287.03 MHz ( period = 3.484 ns )               ; \process_4:cnt20[2] ; random3~reg0        ; clk3       ; clk3     ; None                        ; None                      ; 2.775 ns                ;
; N/A   ; 287.11 MHz ( period = 3.483 ns )               ; cnt20[0]            ; usual3~reg0         ; clk3       ; clk3     ; None                        ; None                      ; 2.774 ns                ;
; N/A   ; 287.36 MHz ( period = 3.480 ns )               ; cnt20[0]            ; speedup3~reg0       ; clk3       ; clk3     ; None                        ; None                      ; 2.771 ns                ;
; N/A   ; 303.03 MHz ( period = 3.300 ns )               ; cnt20[1]            ; usual3~reg0         ; clk3       ; clk3     ; None                        ; None                      ; 2.591 ns                ;
; N/A   ; 303.31 MHz ( period = 3.297 ns )               ; cnt20[1]            ; speedup3~reg0       ; clk3       ; clk3     ; None                        ; None                      ; 2.588 ns                ;
; N/A   ; Restricted to 304.04 MHz ( period = 3.289 ns ) ; \process_5:cnt20[4] ; \process_5:cnt20[0] ; clk3       ; clk3     ; None                        ; None                      ; 2.561 ns                ;
; N/A   ; Restricted to 304.04 MHz ( period = 3.289 ns ) ; \p8:cnt20[3]        ; \p8:cnt20[0]        ; clk3       ; clk3     ; None                        ; None                      ; 2.552 ns                ;
; N/A   ; Restricted to 304.04 MHz ( period = 3.289 ns ) ; \p8:cnt20[4]        ; \p8:cnt20[0]        ; clk3       ; clk3     ; None                        ; None                      ; 2.546 ns                ;
; N/A   ; Restricted to 304.04 MHz ( period = 3.289 ns ) ; \process_3:cnt20[3] ; \process_3:cnt20[0] ; clk3       ; clk3     ; None                        ; None                      ; 2.529 ns                ;
; N/A   ; Restricted to 304.04 MHz ( period = 3.289 ns ) ; \process_4:cnt20[4] ; \process_4:cnt20[0] ; clk3       ; clk3     ; None                        ; None                      ; 2.523 ns                ;
; N/A   ; Restricted to 304.04 MHz ( period = 3.289 ns ) ; \process_6:cnt20[2] ; \process_6:cnt20[0] ; clk3       ; clk3     ; None                        ; None                      ; 2.519 ns                ;
; N/A   ; Restricted to 304.04 MHz ( period = 3.289 ns ) ; \process_4:cnt20[3] ; \process_4:cnt20[0] ; clk3       ; clk3     ; None                        ; None                      ; 2.507 ns                ;
; N/A   ; Restricted to 304.04 MHz ( period = 3.289 ns ) ; \process_6:cnt20[3] ; \process_6:cnt20[0] ; clk3       ; clk3     ; None                        ; None                      ; 2.489 ns                ;
; N/A   ; Restricted to 304.04 MHz ( period = 3.289 ns ) ; \process_3:cnt20[0] ; speeddown3~reg0     ; clk3       ; clk3     ; None                        ; None                      ; 2.486 ns                ;
; N/A   ; Restricted to 304.04 MHz ( period = 3.289 ns ) ; \process_3:cnt20[4] ; speeddown3~reg0     ; clk3       ; clk3     ; None                        ; None                      ; 2.421 ns                ;
; N/A   ; Restricted to 304.04 MHz ( period = 3.289 ns ) ; \p8:cnt20[2]        ; \p8:cnt20[0]        ; clk3       ; clk3     ; None                        ; None                      ; 2.387 ns                ;
; N/A   ; Restricted to 304.04 MHz ( period = 3.289 ns ) ; \process_5:cnt20[2] ; \process_5:cnt20[0] ; clk3       ; clk3     ; None                        ; None                      ; 2.386 ns                ;
; N/A   ; Restricted to 304.04 MHz ( period = 3.289 ns ) ; \process_4:cnt20[2] ; \process_4:cnt20[0] ; clk3       ; clk3     ; None                        ; None                      ; 2.383 ns                ;
; N/A   ; Restricted to 304.04 MHz ( period = 3.289 ns ) ; \p8:cnt20[1]        ; fire3~reg0          ; clk3       ; clk3     ; None                        ; None                      ; 2.375 ns                ;
; N/A   ; Restricted to 304.04 MHz ( period = 3.289 ns ) ; \process_5:cnt20[1] ; fprtmove3~reg0      ; clk3       ; clk3     ; None                        ; None                      ; 2.361 ns                ;
; N/A   ; Restricted to 304.04 MHz ( period = 3.289 ns ) ; \process_6:cnt20[4] ; \process_6:cnt20[0] ; clk3       ; clk3     ; None                        ; None                      ; 2.361 ns                ;
; N/A   ; Restricted to 304.04 MHz ( period = 3.289 ns ) ; \process_5:cnt20[3] ; fprtmove3~reg0      ; clk3       ; clk3     ; None                        ; None                      ; 2.258 ns                ;
; N/A   ; Restricted to 304.04 MHz ( period = 3.289 ns ) ; \process_5:cnt20[4] ; fprtmove3~reg0      ; clk3       ; clk3     ; None                        ; None                      ; 2.252 ns                ;
; N/A   ; Restricted to 304.04 MHz ( period = 3.289 ns ) ; \p8:cnt20[4]        ; fire3~reg0          ; clk3       ; clk3     ; None                        ; None                      ; 2.234 ns                ;
; N/A   ; Restricted to 304.04 MHz ( period = 3.289 ns ) ; \process_5:cnt20[3] ; \process_5:cnt20[0] ; clk3       ; clk3     ; None                        ; None                      ; 2.231 ns                ;
; N/A   ; Restricted to 304.04 MHz ( period = 3.289 ns ) ; cnt20[3]            ; cnt20[0]            ; clk3       ; clk3     ; None                        ; None                      ; 2.196 ns                ;
; N/A   ; Restricted to 304.04 MHz ( period = 3.289 ns ) ; \process_3:cnt20[0] ; \process_3:cnt20[0] ; clk3       ; clk3     ; None                        ; None                      ; 2.173 ns                ;
; N/A   ; Restricted to 304.04 MHz ( period = 3.289 ns ) ; \process_6:cnt20[0] ; \process_6:cnt20[1] ; clk3       ; clk3     ; None                        ; None                      ; 2.126 ns                ;
; N/A   ; Restricted to 304.04 MHz ( period = 3.289 ns ) ; \process_4:cnt20[0] ; \process_4:cnt20[1] ; clk3       ; clk3     ; None                        ; None                      ; 2.116 ns                ;
; N/A   ; Restricted to 304.04 MHz ( period = 3.289 ns ) ; \p8:cnt20[0]        ; \p8:cnt20[1]        ; clk3       ; clk3     ; None                        ; None                      ; 2.116 ns                ;
; N/A   ; Restricted to 304.04 MHz ( period = 3.289 ns ) ; \process_4:cnt20[0] ; random3~reg0        ; clk3       ; clk3     ; None                        ; None                      ; 2.111 ns                ;
; N/A   ; Restricted to 304.04 MHz ( period = 3.289 ns ) ; \p8:cnt20[0]        ; fire3~reg0          ; clk3       ; clk3     ; None                        ; None                      ; 2.110 ns                ;
; N/A   ; Restricted to 304.04 MHz ( period = 3.289 ns ) ; \process_6:cnt20[4] ; fplftmove3~reg0     ; clk3       ; clk3     ; None                        ; None                      ; 2.108 ns                ;
; N/A   ; Restricted to 304.04 MHz ( period = 3.289 ns ) ; \process_3:cnt20[1] ; \process_3:cnt20[1] ; clk3       ; clk3     ; None                        ; None                      ; 2.104 ns                ;
; N/A   ; Restricted to 304.04 MHz ( period = 3.289 ns ) ; cnt20[4]            ; cnt20[0]            ; clk3       ; clk3     ; None                        ; None                      ; 2.104 ns                ;
; N/A   ; Restricted to 304.04 MHz ( period = 3.289 ns ) ; cnt20[4]            ; clear3~reg0         ; clk3       ; clk3     ; None                        ; None                      ; 2.103 ns                ;
; N/A   ; Restricted to 304.04 MHz ( period = 3.289 ns ) ; cnt20[1]            ; cnt20[1]            ; clk3       ; clk3     ; None                        ; None                      ; 2.102 ns                ;
; N/A   ; Restricted to 304.04 MHz ( period = 3.289 ns ) ; \process_5:cnt20[0] ; \process_5:cnt20[1] ; clk3       ; clk3     ; None                        ; None                      ; 2.087 ns                ;
; N/A   ; Restricted to 304.04 MHz ( period = 3.289 ns ) ; \process_5:cnt20[0] ; fprtmove3~reg0      ; clk3       ; clk3     ; None                        ; None                      ; 2.077 ns                ;
; N/A   ; Restricted to 304.04 MHz ( period = 3.289 ns ) ; \process_6:cnt20[2] ; fplftmove3~reg0     ; clk3       ; clk3     ; None                        ; None                      ; 2.051 ns                ;
; N/A   ; Restricted to 304.04 MHz ( period = 3.289 ns ) ; \p8:cnt20[3]        ; fire3~reg0          ; clk3       ; clk3     ; None                        ; None                      ; 2.034 ns                ;
; N/A   ; Restricted to 304.04 MHz ( period = 3.289 ns ) ; \process_4:cnt20[3] ; random3~reg0        ; clk3       ; clk3     ; None                        ; None                      ; 2.033 ns                ;
; N/A   ; Restricted to 304.04 MHz ( period = 3.289 ns ) ; cnt20[0]            ; cnt20[1]            ; clk3       ; clk3     ; None                        ; None                      ; 2.016 ns                ;
; N/A   ; Restricted to 304.04 MHz ( period = 3.289 ns ) ; cnt20[0]            ; clear3~reg0         ; clk3       ; clk3     ; None                        ; None                      ; 2.010 ns                ;
; N/A   ; Restricted to 304.04 MHz ( period = 3.289 ns ) ; \process_6:cnt20[1] ; fplftmove3~reg0     ; clk3       ; clk3     ; None                        ; None                      ; 2.005 ns                ;
; N/A   ; Restricted to 304.04 MHz ( period = 3.289 ns ) ; cnt20[0]            ; cnt20[0]            ; clk3       ; clk3     ; None                        ; None                      ; 2.003 ns                ;
; N/A   ; Restricted to 304.04 MHz ( period = 3.289 ns ) ; \process_6:cnt20[1] ; \process_6:cnt20[1] ; clk3       ; clk3     ; None                        ; None                      ; 1.996 ns                ;
; N/A   ; Restricted to 304.04 MHz ( period = 3.289 ns ) ; cnt20[2]            ; cnt20[0]            ; clk3       ; clk3     ; None                        ; None                      ; 1.992 ns                ;
; N/A   ; Restricted to 304.04 MHz ( period = 3.289 ns ) ; \process_4:cnt20[1] ; \process_4:cnt20[1] ; clk3       ; clk3     ; None                        ; None                      ; 1.971 ns                ;
; N/A   ; Restricted to 304.04 MHz ( period = 3.289 ns ) ; \process_3:cnt20[0] ; \process_3:cnt20[1] ; clk3       ; clk3     ; None                        ; None                      ; 1.968 ns                ;
; N/A   ; Restricted to 304.04 MHz ( period = 3.289 ns ) ; \process_5:cnt20[1] ; \process_5:cnt20[1] ; clk3       ; clk3     ; None                        ; None                      ; 1.961 ns                ;
; N/A   ; Restricted to 304.04 MHz ( period = 3.289 ns ) ; \process_3:cnt20[4] ; \process_3:cnt20[0] ; clk3       ; clk3     ; None                        ; None                      ; 1.952 ns                ;
; N/A   ; Restricted to 304.04 MHz ( period = 3.289 ns ) ; \p8:cnt20[1]        ; \p8:cnt20[1]        ; clk3       ; clk3     ; None                        ; None                      ; 1.952 ns                ;
; N/A   ; Restricted to 304.04 MHz ( period = 3.289 ns ) ; \process_5:cnt20[0] ; \process_5:cnt20[0] ; clk3       ; clk3     ; None                        ; None                      ; 1.878 ns                ;
; N/A   ; Restricted to 304.04 MHz ( period = 3.289 ns ) ; \process_6:cnt20[0] ; fplftmove3~reg0     ; clk3       ; clk3     ; None                        ; None                      ; 1.805 ns                ;
; N/A   ; Restricted to 304.04 MHz ( period = 3.289 ns ) ; \process_3:cnt20[1] ; speeddown3~reg0     ; clk3       ; clk3     ; None                        ; None                      ; 1.799 ns                ;
; N/A   ; Restricted to 304.04 MHz ( period = 3.289 ns ) ; cnt20[1]            ; clear3~reg0         ; clk3       ; clk3     ; None                        ; None                      ; 1.799 ns                ;
; N/A   ; Restricted to 304.04 MHz ( period = 3.289 ns ) ; \process_6:cnt20[0] ; \process_6:cnt20[0] ; clk3       ; clk3     ; None                        ; None                      ; 1.798 ns                ;
; N/A   ; Restricted to 304.04 MHz ( period = 3.289 ns ) ; \process_4:cnt20[0] ; \process_4:cnt20[0] ; clk3       ; clk3     ; None                        ; None                      ; 1.790 ns                ;
; N/A   ; Restricted to 304.04 MHz ( period = 3.289 ns ) ; \p8:cnt20[0]        ; \p8:cnt20[0]        ; clk3       ; clk3     ; None                        ; None                      ; 1.790 ns                ;
; N/A   ; Restricted to 304.04 MHz ( period = 3.289 ns ) ; \process_4:cnt20[1] ; random3~reg0        ; clk3       ; clk3     ; None                        ; None                      ; 1.770 ns                ;
+-------+------------------------------------------------+---------------------+---------------------+------------+----------+-----------------------------+---------------------------+-------------------------+


+-------------------------------------------------------------------------------+
; tco                                                                           ;
+-------+--------------+------------+-----------------+------------+------------+
; Slack ; Required tco ; Actual tco ; From            ; To         ; From Clock ;
+-------+--------------+------------+-----------------+------------+------------+
; N/A   ; None         ; 9.077 ns   ; fprtmove3~reg0  ; fprtmove3  ; clk3       ;
; N/A   ; None         ; 9.065 ns   ; fire3~reg0      ; fire3      ; clk3       ;
; N/A   ; None         ; 8.900 ns   ; speeddown3~reg0 ; speeddown3 ; clk3       ;
; N/A   ; None         ; 8.755 ns   ; usual3~reg0     ; usual3     ; clk3       ;
; N/A   ; None         ; 8.637 ns   ; random3~reg0    ; random3    ; clk3       ;
; N/A   ; None         ; 8.541 ns   ; fplftmove3~reg0 ; fplftmove3 ; clk3       ;
; N/A   ; None         ; 8.538 ns   ; clear3~reg0     ; clear3     ; clk3       ;
; N/A   ; None         ; 7.295 ns   ; speedup3~reg0   ; speedup3   ; clk3       ;
+-------+--------------+------------+-----------------+------------+------------+


+--------------------------+
; Timing Analyzer Messages ;
+--------------------------+
Info: *******************************************************************
Info: Running Quartus II Classic Timing Analyzer
    Info: Version 9.1 Build 222 10/21/2009 SJ Full Version
    Info: Processing started: Fri Nov 02 17:10:32 2018
Info: Command: quartus_tan --read_settings_files=off --write_settings_files=off antishake -c antishake
Info: Parallel compilation is enabled and will use 4 of the 4 processors detected
Info: Started post-fitting delay annotation
Info: Delay annotation completed successfully
Warning: Found pins functioning as undefined clocks and/or memory enables
    Info: Assuming node "clk3" is an undefined clock
Info: Clock "clk3" has Internal fmax of 218.87 MHz between source register "\p8:cnt20[3]" and destination register "\p8:cnt20[4]" (period= 4.569 ns)
    Info: + Longest register to register delay is 3.860 ns
        Info: 1: + IC(0.000 ns) + CELL(0.000 ns) = 0.000 ns; Loc. = LC_X8_Y8_N2; Fanout = 6; REG Node = '\p8:cnt20[3]'
        Info: 2: + IC(1.414 ns) + CELL(0.511 ns) = 1.925 ns; Loc. = LC_X8_Y8_N6; Fanout = 4; COMB Node = 'LessThan14~0'
        Info: 3: + IC(0.692 ns) + CELL(1.243 ns) = 3.860 ns; Loc. = LC_X8_Y8_N3; Fanout = 4; REG Node = '\p8:cnt20[4]'
        Info: Total cell delay = 1.754 ns ( 45.44 % )
        Info: Total interconnect delay = 2.106 ns ( 54.56 % )
    Info: - Smallest clock skew is 0.000 ns
        Info: + Shortest clock path from clock "clk3" to destination register is 3.819 ns
            Info: 1: + IC(0.000 ns) + CELL(1.163 ns) = 1.163 ns; Loc. = PIN_18; Fanout = 38; CLK Node = 'clk3'
            Info: 2: + IC(1.738 ns) + CELL(0.918 ns) = 3.819 ns; Loc. = LC_X8_Y8_N3; Fanout = 4; REG Node = '\p8:cnt20[4]'
            Info: Total cell delay = 2.081 ns ( 54.49 % )
            Info: Total interconnect delay = 1.738 ns ( 45.51 % )
        Info: - Longest clock path from clock "clk3" to source register is 3.819 ns
            Info: 1: + IC(0.000 ns) + CELL(1.163 ns) = 1.163 ns; Loc. = PIN_18; Fanout = 38; CLK Node = 'clk3'
            Info: 2: + IC(1.738 ns) + CELL(0.918 ns) = 3.819 ns; Loc. = LC_X8_Y8_N2; Fanout = 6; REG Node = '\p8:cnt20[3]'
            Info: Total cell delay = 2.081 ns ( 54.49 % )
            Info: Total interconnect delay = 1.738 ns ( 45.51 % )
    Info: + Micro clock to output delay of source is 0.376 ns
    Info: + Micro setup delay of destination is 0.333 ns
Info: tco from clock "clk3" to destination pin "fprtmove3" through register "fprtmove3~reg0" is 9.077 ns
    Info: + Longest clock path from clock "clk3" to source register is 3.819 ns
        Info: 1: + IC(0.000 ns) + CELL(1.163 ns) = 1.163 ns; Loc. = PIN_18; Fanout = 38; CLK Node = 'clk3'
        Info: 2: + IC(1.738 ns) + CELL(0.918 ns) = 3.819 ns; Loc. = LC_X14_Y7_N5; Fanout = 1; REG Node = 'fprtmove3~reg0'
        Info: Total cell delay = 2.081 ns ( 54.49 % )
        Info: Total interconnect delay = 1.738 ns ( 45.51 % )
    Info: + Micro clock to output delay of source is 0.376 ns
    Info: + Longest register to pin delay is 4.882 ns
        Info: 1: + IC(0.000 ns) + CELL(0.000 ns) = 0.000 ns; Loc. = LC_X14_Y7_N5; Fanout = 1; REG Node = 'fprtmove3~reg0'
        Info: 2: + IC(2.560 ns) + CELL(2.322 ns) = 4.882 ns; Loc. = PIN_94; Fanout = 0; PIN Node = 'fprtmove3'
        Info: Total cell delay = 2.322 ns ( 47.56 % )
        Info: Total interconnect delay = 2.560 ns ( 52.44 % )
Info: Quartus II Classic Timing Analyzer was successful. 0 errors, 1 warning
    Info: Peak virtual memory: 151 megabytes
    Info: Processing ended: Fri Nov 02 17:10:33 2018
    Info: Elapsed time: 00:00:01
    Info: Total CPU time (on all processors): 00:00:00


